<?xml version="1.0" encoding="UTF-8"?>
<!-- Generated by org.testng.reporters.JUnitXMLReporter -->
<testsuite ignored="9" hostname="192.168.1.126" failures="0" tests="1" name="Default test" time="340.055" errors="0" timestamp="2024-11-01T16:53:34 GMT+03:00">
  <testcase classname="MyTestCases" name="CheckTheSortOption" time="225.287"/>
  <testcase classname="MyTestCases" name="CheckDepartureDate" time="0.0">
    <ignored/>
  </testcase> <!-- CheckDepartureDate -->
  <testcase classname="MyTestCases" name="CheckIfQitafLogoIsDisplayed" time="0.0">
    <ignored/>
  </testcase> <!-- CheckIfQitafLogoIsDisplayed -->
  <testcase classname="MyTestCases" name="CheckTheEnglishLanguageIsDefault" time="0.0">
    <ignored/>
  </testcase> <!-- CheckTheEnglishLanguageIsDefault -->
  <testcase classname="MyTestCases" name="CheckThatThePageIsFullyLoaded" time="0.0">
    <ignored/>
  </testcase> <!-- CheckThatThePageIsFullyLoaded -->
  <testcase classname="MyTestCases" name="CheckTheDefaultCurrencyIsSAR" time="0.0">
    <ignored/>
  </testcase> <!-- CheckTheDefaultCurrencyIsSAR -->
  <testcase classname="MyTestCases" name="RandomChangeTheLanguage" time="0.0">
    <ignored/>
  </testcase> <!-- RandomChangeTheLanguage -->
  <testcase classname="MyTestCases" name="CheckReturnDate" time="0.0">
    <ignored/>
  </testcase> <!-- CheckReturnDate -->
  <testcase classname="MyTestCases" name="CheckIfHotelsSearchIsNotSelected" time="0.0">
    <ignored/>
  </testcase> <!-- CheckIfHotelsSearchIsNotSelected -->
  <testcase classname="MyTestCases" name="CheckTheNumber" time="0.0">
    <ignored/>
  </testcase> <!-- CheckTheNumber -->
</testsuite> <!-- Default test -->
