<?xml version="1.0" encoding="UTF-8"?>
<!-- Generated by org.testng.reporters.JUnitXMLReporter -->
<testsuite ignored="7" hostname="192.168.1.112" failures="0" tests="1" name="Default test" time="142.067" errors="0" timestamp="2024-10-25T21:07:37 GMT+03:00">
  <testcase classname="MyTestCases" name="RandomChangeTheLanguage" time="35.403"/>
  <testcase classname="MyTestCases" name="CheckDepartureDate" time="0.0">
    <ignored/>
  </testcase> <!-- CheckDepartureDate -->
  <testcase classname="MyTestCases" name="CheckIfQitafLogoIsDisplayed" time="0.0">
    <ignored/>
  </testcase> <!-- CheckIfQitafLogoIsDisplayed -->
  <testcase classname="MyTestCases" name="CheckTheEnglishLanguageIsDefault" time="0.0">
    <ignored/>
  </testcase> <!-- CheckTheEnglishLanguageIsDefault -->
  <testcase classname="MyTestCases" name="CheckTheDefaultCurrencyIsSAR" time="0.0">
    <ignored/>
  </testcase> <!-- CheckTheDefaultCurrencyIsSAR -->
  <testcase classname="MyTestCases" name="CheckReturnDate" time="0.0">
    <ignored/>
  </testcase> <!-- CheckReturnDate -->
  <testcase classname="MyTestCases" name="CheckIfHotelsSearchIsNotSelected" time="0.0">
    <ignored/>
  </testcase> <!-- CheckIfHotelsSearchIsNotSelected -->
  <testcase classname="MyTestCases" name="CheckTheNumber" time="0.0">
    <ignored/>
  </testcase> <!-- CheckTheNumber -->
</testsuite> <!-- Default test -->
