<?xml version="1.0" encoding="UTF-8"?>
<testng-results ignored="7" total="8" passed="1" failed="0" skipped="0">
  <reporter-output>
  </reporter-output>
  <suite started-at="2024-10-25T21:05:15 GMT+03:00" name="Default suite" finished-at="2024-10-25T21:07:37 GMT+03:00" duration-ms="142067">
    <groups>
    </groups>
    <test started-at="2024-10-25T21:05:15 GMT+03:00" name="Default test" finished-at="2024-10-25T21:07:37 GMT+03:00" duration-ms="142067">
      <class name="MyTestCases">
        <test-method is-config="true" signature="MySetUp()[pri:0, instance:MyTestCases@77a7cf58]" started-at="2024-10-25T21:05:15 GMT+03:00" name="MySetUp" finished-at="2024-10-25T21:07:02 GMT+03:00" duration-ms="106635" status="PASS">
          <reporter-output>
          </reporter-output>
        </test-method> <!-- MySetUp -->
        <test-method signature="RandomChangeTheLanguage()[pri:8, instance:MyTestCases@77a7cf58]" started-at="2024-10-25T21:07:02 GMT+03:00" name="RandomChangeTheLanguage" finished-at="2024-10-25T21:07:37 GMT+03:00" duration-ms="35403" status="PASS">
          <reporter-output>
          </reporter-output>
        </test-method> <!-- RandomChangeTheLanguage -->
      </class> <!-- MyTestCases -->
    </test> <!-- Default test -->
  </suite> <!-- Default suite -->
</testng-results>
