<?xml version="1.0" encoding="UTF-8"?>
<testng-results ignored="9" total="10" passed="1" failed="0" skipped="0">
  <reporter-output>
  </reporter-output>
  <suite started-at="2024-11-01T16:47:54 GMT+03:00" name="Default suite" finished-at="2024-11-01T16:53:34 GMT+03:00" duration-ms="340055">
    <groups>
    </groups>
    <test started-at="2024-11-01T16:47:54 GMT+03:00" name="Default test" finished-at="2024-11-01T16:53:34 GMT+03:00" duration-ms="340055">
      <class name="MyTestCases">
        <test-method is-config="true" signature="MySetUp()[pri:0, instance:MyTestCases@616fe72b]" started-at="2024-11-01T16:47:54 GMT+03:00" name="MySetUp" finished-at="2024-11-01T16:49:48 GMT+03:00" duration-ms="114739" status="PASS">
          <reporter-output>
          </reporter-output>
        </test-method> <!-- MySetUp -->
        <test-method signature="CheckTheSortOption()[pri:10, instance:MyTestCases@616fe72b]" started-at="2024-11-01T16:49:48 GMT+03:00" name="CheckTheSortOption" finished-at="2024-11-01T16:53:34 GMT+03:00" duration-ms="225287" status="PASS">
          <reporter-output>
          </reporter-output>
        </test-method> <!-- CheckTheSortOption -->
      </class> <!-- MyTestCases -->
    </test> <!-- Default test -->
  </suite> <!-- Default suite -->
</testng-results>
